irun(64): 15.20-s086: (c) Copyright 1995-2020 Cadence Design Systems, Inc.
TOOL:	irun(64)	15.20-s086: Started on Feb 28, 2023 at 11:22:32 IST
irun
	+access+rwc
	-uvm
	top.sv
Recompiling... reason: file './object.sv' is newer than expected.
	expected: Tue Feb 28 10:32:23 2023
	actual:   Tue Feb 28 11:22:12 2023
Compiling UVM packages (uvm_pkg.sv cdns_uvm_pkg.sv) using uvmhome location /home/installs/INCISIVE152/tools/methodology/UVM/CDNS-1.1d
file: top.sv
		t.randomize();
		          |
ncvlog: *W,FUNTSK (test.svh,10|12): function called as a task without void'().
(`include file: test.svh line 10, file: top.sv line 3)
	module worklib.top:sv
		errors: 0, warnings: 0
	Total errors/warnings found outside modules and primitives:
		errors: 0, warnings: 1
		Caching library 'worklib' ....... Done
	Elaborating the design hierarchy:
	Top level design units:
		uvm_pkg
		cdns_uvmapi
		cdns_assert2uvm_pkg
		cdns_uvm_pkg
		$unit_0x7cd88911
		top
ncelab: *W,DSEMEL: This SystemVerilog design will be simulated as per IEEE 1800-2009 SystemVerilog simulation semantics. Use -disable_sem2009 option for turning off SV 2009 simulation semantics.
	Building instance overlay tables: .................... Done
	Generating native compiled code:
		worklib.\$unit_0x7cd88911 :compilation_unit <0x7f7d2170>
			streams:   0, words:     0
		worklib.top:sv <0x72de2607>
			streams:   1, words:   526
		worklib.uvm_pkg:sv <0x00a04a71>
			streams:  24, words: 47014
		worklib.uvm_pkg:sv <0x7372d94f>
			streams:  23, words: 22833
	Building instance specific data structures.
	Loading native compiled code:     .................... Done
	Design hierarchy summary:
		                       Instances  Unique
		Modules:                       1       1
		Verilog packages:              4       4
		Registers:                 12958   10051
		Named events:                  4      12
		Initial blocks:              255     147
		Parallel blocks:              26      27
		Assertions:                    2       2
		Compilation units:             1       1
		SV Class declarations:       191     305
		SV Class specializations:    341     341
	Writing initial simulation snapshot: worklib.top:sv
ncelab: *W,DPIEXP: DPI export function in  _sv_export.so not available.
Loading snapshot worklib.top:sv .................... Done
SVSEED default: 1
ncsim: *E,IMPDLL: Unable to load the implicit shared object.
OSDLERROR: (null)/top/sv/_sv_export.so: cannot open shared object file: No such file or directory or file is not valid ELFCLASS64 library..
ncsim: *W,DSEM2009: This SystemVerilog design is simulated as per IEEE 1800-2009 SystemVerilog simulation semantics. Use -disable_sem2009 option for turning off SV 2009 simulation semantics.
ncsim> source /home/installs/INCISIVE152/tools/inca/files/ncsimrc
ncsim> source /home/installs/INCISIVE152/tools/methodology/UVM/CDNS-1.1d/additions/sv/files/tcl/uvm_sim.tcl
ncsim> run
----------------------------------------------------------------
CDNS-UVM-1.1d (15.20-s086)
(C) 2007-2013 Mentor Graphics Corporation
(C) 2007-2013 Cadence Design Systems, Inc.
(C) 2006-2013 Synopsys, Inc.
(C) 2011-2013 Cypress Semiconductor Corp.
----------------------------------------------------------------

  ***********       IMPORTANT RELEASE NOTES         ************

  You are using a version of the UVM library that has been compiled
  with `UVM_NO_DEPRECATED undefined.
  See http://www.eda.org/svdb/view.php?id=3313 for more details.

  You are using a version of the UVM library that has been compiled
  with `UVM_OBJECT_MUST_HAVE_CONSTRUCTOR undefined.
  See http://www.eda.org/svdb/view.php?id=3770 for more details.

      (Specify +UVM_NO_RELNOTES to turn off this notice)

UVM_INFO @ 0: reporter [RNTST] Running test my_test...
--------------------------------------
Name        Type       Size  Value    
--------------------------------------
t           my_object  -     @2653    
  data      integral   3     'h6      
  my_class  string     9     my_object
--------------------------------------

--- UVM Report catcher Summary ---


Number of demoted UVM_FATAL reports  :    0
Number of demoted UVM_ERROR reports  :    0
Number of demoted UVM_WARNING reports:    0
Number of caught UVM_FATAL reports   :    0
Number of caught UVM_ERROR reports   :    0
Number of caught UVM_WARNING reports :    0

--- UVM Report Summary ---

** Report counts by severity
UVM_INFO :    1
UVM_WARNING :    0
UVM_ERROR :    0
UVM_FATAL :    0
** Report counts by id
[RNTST]     1
Simulation complete via $finish(1) at time 0 FS + 179
/home/installs/INCISIVE152/tools/methodology/UVM/CDNS-1.1d/sv/src/base/uvm_root.svh:457     $finish;
ncsim> exit
TOOL:	irun(64)	15.20-s086: Exiting on Feb 28, 2023 at 11:22:40 IST  (total: 00:00:08)
