irun(64): 15.20-s086: (c) Copyright 1995-2020 Cadence Design Systems, Inc.
TOOL:	irun(64)	15.20-s086: Started on Feb 09, 2023 at 10:47:41 IST
irun
	+access+rwc
	-uvm
	top.sv
Recompiling... reason: file './top.sv' is newer than expected.
	expected: Thu Feb  9 10:46:09 2023
	actual:   Thu Feb  9 10:47:28 2023
Compiling UVM packages (uvm_pkg.sv cdns_uvm_pkg.sv) using uvmhome location /home/installs/INCISIVE152/tools/methodology/UVM/CDNS-1.1d
file: top.sv
package my_pkg;
             |
ncvlog: *W,TSNSPK (package.sv,1|13): `timescale is not specified for the package.  The default timescale of 1ns/1ns will be assumed for this package.
(`include file: package.sv line 6, file: top.sv line 1)
	module worklib.top:sv
		errors: 0, warnings: 0
		Caching library 'worklib' ....... Done
	Elaborating the design hierarchy:
	what dut(intf);
	            |
ncelab: *W,CUINFN (./top.sv,9|13): A named interface port should be connected to an interface of the same name (top).
	Top level design units:
		uvm_pkg
		cdns_uvmapi
		cdns_assert2uvm_pkg
		cdns_uvm_pkg
		my_pkg
		top
ncelab: *W,DSEMEL: This SystemVerilog design will be simulated as per IEEE 1800-2009 SystemVerilog simulation semantics. Use -disable_sem2009 option for turning off SV 2009 simulation semantics.
	Building instance overlay tables: .................... Done
	Generating native compiled code:
		worklib.top:sv <0x7ba54b94>
			streams:   1, words:   510
	Building instance specific data structures.
	Loading native compiled code:     .................... Done
	Design hierarchy summary:
		                       Instances  Unique
		Modules:                       2       2
		Interfaces:                    1       1
		Verilog packages:              5       5
		Registers:                 12952   10042
		Named events:                  4      12
		Initial blocks:              255     147
		Parallel blocks:              26      27
		Assertions:                    2       2
		SV Class declarations:       191     305
		SV Class specializations:    341     341
	Writing initial simulation snapshot: worklib.top:sv
ncelab: *W,DPIEXP: DPI export function in  _sv_export.so not available.
Loading snapshot worklib.top:sv .................... Done
SVSEED default: 1
ncsim: *E,IMPDLL: Unable to load the implicit shared object.
OSDLERROR: (null)/top/sv/_sv_export.so: cannot open shared object file: No such file or directory or file is not valid ELFCLASS64 library..
ncsim: *W,DSEM2009: This SystemVerilog design is simulated as per IEEE 1800-2009 SystemVerilog simulation semantics. Use -disable_sem2009 option for turning off SV 2009 simulation semantics.
ncsim> source /home/installs/INCISIVE152/tools/inca/files/ncsimrc
ncsim> source /home/installs/INCISIVE152/tools/methodology/UVM/CDNS-1.1d/additions/sv/files/tcl/uvm_sim.tcl
ncsim> run
----------------------------------------------------------------
CDNS-UVM-1.1d (15.20-s086)
(C) 2007-2013 Mentor Graphics Corporation
(C) 2007-2013 Cadence Design Systems, Inc.
(C) 2006-2013 Synopsys, Inc.
(C) 2011-2013 Cypress Semiconductor Corp.
----------------------------------------------------------------

  ***********       IMPORTANT RELEASE NOTES         ************

  You are using a version of the UVM library that has been compiled
  with `UVM_NO_DEPRECATED undefined.
  See http://www.eda.org/svdb/view.php?id=3313 for more details.

  You are using a version of the UVM library that has been compiled
  with `UVM_OBJECT_MUST_HAVE_CONSTRUCTOR undefined.
  See http://www.eda.org/svdb/view.php?id=3770 for more details.

      (Specify +UVM_NO_RELNOTES to turn off this notice)

UVM_INFO @ 0: reporter [RNTST] Running test my_test...
THIS IS UVM FIRST CLASS
UVM_INFO /home/installs/INCISIVE152/tools/methodology/UVM/CDNS-1.1d/sv/src/base/uvm_objection.svh(1268) @ 10: reporter [TEST_DONE] 'run' phase is ready to proceed to the 'extract' phase

--- UVM Report catcher Summary ---


Number of demoted UVM_FATAL reports  :    0
Number of demoted UVM_ERROR reports  :    0
Number of demoted UVM_WARNING reports:    0
Number of caught UVM_FATAL reports   :    0
Number of caught UVM_ERROR reports   :    0
Number of caught UVM_WARNING reports :    0

--- UVM Report Summary ---

** Report counts by severity
UVM_INFO :    2
UVM_WARNING :    0
UVM_ERROR :    0
UVM_FATAL :    0
** Report counts by id
[RNTST]     1
[TEST_DONE]     1
Simulation complete via $finish(1) at time 10 NS + 44
/home/installs/INCISIVE152/tools/methodology/UVM/CDNS-1.1d/sv/src/base/uvm_root.svh:457     $finish;
ncsim> exit
TOOL:	irun(64)	15.20-s086: Exiting on Feb 09, 2023 at 10:47:42 IST  (total: 00:00:01)
