irun(64): 15.20-s086: (c) Copyright 1995-2020 Cadence Design Systems, Inc.
TOOL:	irun(64)	15.20-s086: Started on Nov 08, 2022 at 17:21:54 IST
irun
	+access+rwc
	four_bit.sv
	four_bit_tb.sv
	+gui
Recompiling... reason: file './four_bit_tb.sv' is newer than expected.
	expected: Tue Nov  8 17:14:40 2022
	actual:   Tue Nov  8 17:21:37 2022
file: four_bit_tb.sv
	module worklib.FA_tb:sv
		errors: 0, warnings: 0
		Caching library 'worklib' ....... Done
	Elaborating the design hierarchy:
	Top level design units:
		FA_tb
ncelab: *W,DSEMEL: This SystemVerilog design will be simulated as per IEEE 1800-2009 SystemVerilog simulation semantics. Use -disable_sem2009 option for turning off SV 2009 simulation semantics.
	Building instance overlay tables: .................... Done
	Generating native compiled code:
		worklib.FA_tb:sv <0x43219bb3>
			streams:   5, words:  4385
	Building instance specific data structures.
	Loading native compiled code:     .................... Done
	Design hierarchy summary:
		              Instances  Unique
		Modules:             26       6
		Registers:           31       8
		Scalar wires:        37       -
		Expanded wires:       8       2
		Always blocks:       20       3
		Initial blocks:       2       2
		Pseudo assignments:  11       5
	Writing initial simulation snapshot: worklib.FA_tb:sv
ncsim: *W,DSEM2009: This SystemVerilog design is simulated as per IEEE 1800-2009 SystemVerilog simulation semantics. Use -disable_sem2009 option for turning off SV 2009 simulation semantics.

-------------------------------------
Relinquished control to SimVision...
ncsim> 
ncsim> source /home/installs/INCISIVE152/tools/inca/files/ncsimrc
ncsim> database -open waves -into waves.shm -default
Created default SHM database waves
ncsim> probe -create -shm FA_tb.a FA_tb.b FA_tb.cin FA_tb.cout FA_tb.sum
Created probe 1
ncsim> run
ncsim: *W,RNQUIE: Simulation is complete.
ncsim> ^C
ncsim> exit
...Regained control from SimVision
-------------------------------------
TOOL:	irun(64)	15.20-s086: Exiting on Nov 08, 2022 at 17:23:22 IST  (total: 00:01:28)
