irun(64): 15.20-s086: (c) Copyright 1995-2020 Cadence Design Systems, Inc.
TOOL:	irun(64)	15.20-s086: Started on Nov 09, 2022 at 19:54:53 IST
irun
	+access+rwc
	basic_ram.sv
	basic_ram_tb.sv
	+gui
file: basic_ram_tb.sv
	module worklib.basic_ram_tb:sv
		errors: 0, warnings: 0
		Caching library 'worklib' ....... Done
	Elaborating the design hierarchy:
	Top level design units:
		basic_ram_tb
ncelab: *W,DSEMEL: This SystemVerilog design will be simulated as per IEEE 1800-2009 SystemVerilog simulation semantics. Use -disable_sem2009 option for turning off SV 2009 simulation semantics.
	Building instance overlay tables: .................... Done
	Generating native compiled code:
		worklib.basic_ram:sv <0x756949b9>
			streams:   1, words:   504
		worklib.basic_ram_tb:sv <0x270792c2>
			streams:   9, words:  6224
	Building instance specific data structures.
	Loading native compiled code:     .................... Done
	Design hierarchy summary:
		             Instances  Unique
		Modules:             2       2
		Registers:           7       7
		Scalar wires:        4       -
		Vectored wires:      3       -
		Always blocks:       2       2
		Initial blocks:      3       3
		Pseudo assignments:  5       5
	Writing initial simulation snapshot: worklib.basic_ram_tb:sv
ncsim: *W,DSEM2009: This SystemVerilog design is simulated as per IEEE 1800-2009 SystemVerilog simulation semantics. Use -disable_sem2009 option for turning off SV 2009 simulation semantics.

-------------------------------------
Relinquished control to SimVision...
ncsim> 
ncsim> source /home/installs/INCISIVE152/tools/inca/files/ncsimrc
ncsim> database -open waves -into waves.shm -default
Created default SHM database waves
ncsim> probe -create -shm basic_ram_tb.addr basic_ram_tb.clk basic_ram_tb.cs basic_ram_tb.datain basic_ram_tb.dataout basic_ram_tb.oe basic_ram_tb.we
Created probe 1
ncsim> run
Simulation complete via $finish(1) at time 100 NS + 0
./basic_ram_tb.sv:17  #100 $finish;
ncsim> ^C
ncsim> exit
...Regained control from SimVision
-------------------------------------
TOOL:	irun(64)	15.20-s086: Exiting on Nov 09, 2022 at 19:56:04 IST  (total: 00:01:11)
