irun(64): 15.20-s086: (c) Copyright 1995-2020 Cadence Design Systems, Inc.
TOOL:	irun(64)	15.20-s086: Started on Sep 28, 2022 at 14:08:43 IST
irun
	+access+rwc
	dff.v
	dff_tb.v
	+gui
		Caching library 'worklib' ....... Done
	Elaborating the design hierarchy:
	Top level design units:
		test_d_ff
	Building instance overlay tables: .................... Done
	Generating native compiled code:
		worklib.d_ff:v <0x3c31c54d>
			streams:   1, words:   191
		worklib.test_d_ff:v <0x1f7bfebf>
			streams:   3, words:  2090
	Building instance specific data structures.
	Loading native compiled code:     .................... Done
	Design hierarchy summary:
		             Instances  Unique
		Modules:             2       2
		Registers:           3       3
		Scalar wires:        3       -
		Always blocks:       1       1
		Initial blocks:      1       1
		Pseudo assignments:  2       2
	Writing initial simulation snapshot: worklib.test_d_ff:v

-------------------------------------
Relinquished control to SimVision...
ncsim> 
ncsim> source /home/installs/INCISIVE152/tools/inca/files/ncsimrc
ncsim> database -open waves -into waves.shm -default
Created default SHM database waves
ncsim> probe -create -shm test_d_ff.test_clk test_d_ff.test_d test_d_ff.test_q
Created probe 1
ncsim> run
ncsim: *W,RNQUIE: Simulation is complete.
ncsim> ^C
ncsim> exit
TOOL:	irun(64)	15.20-s086: Exiting on Sep 28, 2022 at 14:10:02 IST  (total: 00:01:19)
