irun(64): 15.20-s086: (c) Copyright 1995-2020 Cadence Design Systems, Inc.
TOOL:	irun(64)	15.20-s086: Started on Nov 08, 2022 at 15:46:13 IST
irun
	+access+rwc
	and.sv
	and_tb.sv
	+gui
file: and.sv
	module worklib.and_gate:sv
		errors: 0, warnings: 0
file: and_tb.sv
	module worklib.and_tb:sv
		errors: 0, warnings: 0
		Caching library 'worklib' ....... Done
	Elaborating the design hierarchy:
	Top level design units:
		and_tb
ncelab: *W,DSEMEL: This SystemVerilog design will be simulated as per IEEE 1800-2009 SystemVerilog simulation semantics. Use -disable_sem2009 option for turning off SV 2009 simulation semantics.
	Building instance overlay tables: .................... Done
	Generating native compiled code:
		worklib.and_gate:sv <0x5ef950ce>
			streams:   1, words:   401
		worklib.and_tb:sv <0x36de2869>
			streams:   4, words:  3110
	Building instance specific data structures.
	Loading native compiled code:     .................... Done
	Design hierarchy summary:
		             Instances  Unique
		Modules:             2       2
		Registers:           3       3
		Scalar wires:        3       -
		Always blocks:       1       1
		Initial blocks:      2       2
		Pseudo assignments:  2       2
	Writing initial simulation snapshot: worklib.and_tb:sv
ncsim: *W,DSEM2009: This SystemVerilog design is simulated as per IEEE 1800-2009 SystemVerilog simulation semantics. Use -disable_sem2009 option for turning off SV 2009 simulation semantics.

-------------------------------------
Relinquished control to SimVision...
ncsim> 
ncsim> source /home/installs/INCISIVE152/tools/inca/files/ncsimrc
ncsim> database -open waves -into waves.shm -default
Created default SHM database waves
ncsim> probe -create -shm and_tb.a and_tb.b and_tb.y
Created probe 1
ncsim> run
ncsim: *W,RNQUIE: Simulation is complete.
ncsim> ^C
ncsim> exit
...Regained control from SimVision
-------------------------------------
TOOL:	irun(64)	15.20-s086: Exiting on Nov 08, 2022 at 15:46:33 IST  (total: 00:00:20)
