irun(64): 15.20-s086: (c) Copyright 1995-2020 Cadence Design Systems, Inc.
TOOL:	irun(64)	15.20-s086: Started on Oct 18, 2022 at 15:30:50 IST
irun
	+access+rwc
	Acounter.sv
	test_Acounter.sv
	+gui
ncsim: *W,DSEM2009: This SystemVerilog design is simulated as per IEEE 1800-2009 SystemVerilog simulation semantics. Use -disable_sem2009 option for turning off SV 2009 simulation semantics.

-------------------------------------
Relinquished control to SimVision...
ncsim> 
ncsim> source /home/installs/INCISIVE152/tools/inca/files/ncsimrc
ncsim> database -open waves -into waves.shm -default
Created default SHM database waves
ncsim> probe -create -shm jk_tb.clk jk_tb.j jk_tb.k jk_tb.q1 jk_tb.q1b jk_tb.q2 jk_tb.q2b jk_tb.q3 jk_tb.q3b
Created probe 1
ncsim> run
Simulation complete via $finish(1) at time 80 NS + 0
./test_Acounter.sv:17     #80 $finish;
ncsim> 