irun(64): 15.20-s086: (c) Copyright 1995-2020 Cadence Design Systems, Inc.
TOOL:	irun(64)	15.20-s086: Started on Apr 04, 2023 at 09:30:53 IST
irun
	+access+rwc
	-uvm
	top.sv
Loading snapshot worklib.top:sv .................... Done
SVSEED default: 1
ncsim: *E,IMPDLL: Unable to load the implicit shared object.
OSDLERROR: (null)/top/sv/_sv_export.so: cannot open shared object file: No such file or directory or file is not valid ELFCLASS64 library..
ncsim: *W,DSEM2009: This SystemVerilog design is simulated as per IEEE 1800-2009 SystemVerilog simulation semantics. Use -disable_sem2009 option for turning off SV 2009 simulation semantics.
ncsim> source /home/installs/INCISIVE152/tools/inca/files/ncsimrc
ncsim> source /home/installs/INCISIVE152/tools/methodology/UVM/CDNS-1.1d/additions/sv/files/tcl/uvm_sim.tcl
ncsim> run
----------------------------------------------------------------
CDNS-UVM-1.1d (15.20-s086)
(C) 2007-2013 Mentor Graphics Corporation
(C) 2007-2013 Cadence Design Systems, Inc.
(C) 2006-2013 Synopsys, Inc.
(C) 2011-2013 Cypress Semiconductor Corp.
----------------------------------------------------------------

  ***********       IMPORTANT RELEASE NOTES         ************

  You are using a version of the UVM library that has been compiled
  with `UVM_NO_DEPRECATED undefined.
  See http://www.eda.org/svdb/view.php?id=3313 for more details.

  You are using a version of the UVM library that has been compiled
  with `UVM_OBJECT_MUST_HAVE_CONSTRUCTOR undefined.
  See http://www.eda.org/svdb/view.php?id=3770 for more details.

      (Specify +UVM_NO_RELNOTES to turn off this notice)

UVM_INFO @ 0: reporter [RNTST] Running test my_test...
UVM_WARNING my_test.svh(19) @ 10: uvm_test_top [] Hi, this is a WAAARNINGGGGG message
UVM_INFO dut.sv(7) @ 15: reporter [DUT ] Received cmd = 1, addr = 0a, data = 95
UVM_INFO dut.sv(7) @ 25: reporter [DUT ] Received cmd = 0, addr = 4b, data = f6
UVM_INFO dut.sv(7) @ 35: reporter [DUT ] Received cmd = 0, addr = 04, data = 6b
UVM_INFO dut.sv(7) @ 45: reporter [DUT ] Received cmd = 1, addr = 61, data = 9a
UVM_INFO dut.sv(7) @ 55: reporter [DUT ] Received cmd = 0, addr = 35, data = 78
UVM_INFO /home/installs/INCISIVE152/tools/methodology/UVM/CDNS-1.1d/sv/src/base/uvm_objection.svh(1268) @ 55: reporter [TEST_DONE] 'run' phase is ready to proceed to the 'extract' phase

--- UVM Report catcher Summary ---


Number of demoted UVM_FATAL reports  :    0
Number of demoted UVM_ERROR reports  :    0
Number of demoted UVM_WARNING reports:    0
Number of caught UVM_FATAL reports   :    0
Number of caught UVM_ERROR reports   :    0
Number of caught UVM_WARNING reports :    0

--- UVM Report Summary ---

** Report counts by severity
UVM_INFO :    7
UVM_WARNING :    1
UVM_ERROR :    0
UVM_FATAL :    0
** Report counts by id
[]     1
[DUT ]     5
[RNTST]     1
[TEST_DONE]     1
Simulation complete via $finish(1) at time 55 NS + 49
/home/installs/INCISIVE152/tools/methodology/UVM/CDNS-1.1d/sv/src/base/uvm_root.svh:457     $finish;
ncsim> exit
TOOL:	irun(64)	15.20-s086: Exiting on Apr 04, 2023 at 09:30:56 IST  (total: 00:00:03)
