irun(64): 15.20-s086: (c) Copyright 1995-2020 Cadence Design Systems, Inc.
TOOL:	irun(64)	15.20-s086: Started on Nov 08, 2022 at 16:02:48 IST
irun
	+access+rwc
	HA.sv
	HA_tb.sv
	+gui
Recompiling... reason: file './HA.sv' is newer than expected.
	expected: Tue Nov  8 16:02:08 2022
	actual:   Tue Nov  8 16:02:44 2022
file: HA.sv
	module worklib.HA:sv
		errors: 0, warnings: 0
		Caching library 'worklib' ....... Done
	Elaborating the design hierarchy:
	Top level design units:
		HA_tb
ncelab: *W,DSEMEL: This SystemVerilog design will be simulated as per IEEE 1800-2009 SystemVerilog simulation semantics. Use -disable_sem2009 option for turning off SV 2009 simulation semantics.
	Building instance overlay tables: .................... Done
	Generating native compiled code:
		worklib.HA:sv <0x27b976c4>
			streams:   1, words:   387
		worklib.HA_tb:sv <0x5bea9ec7>
			streams:   4, words:  3110
		worklib.and_gate:sv <0x5ef950ce>
			streams:   1, words:   401
	Building instance specific data structures.
	Loading native compiled code:     .................... Done
	Design hierarchy summary:
		             Instances  Unique
		Modules:             3       3
		Registers:           4       4
		Scalar wires:        5       -
		Always blocks:       1       1
		Initial blocks:      2       2
		Pseudo assignments:  3       3
	Writing initial simulation snapshot: worklib.HA_tb:sv
ncsim: *W,DSEM2009: This SystemVerilog design is simulated as per IEEE 1800-2009 SystemVerilog simulation semantics. Use -disable_sem2009 option for turning off SV 2009 simulation semantics.

-------------------------------------
Relinquished control to SimVision...
ncsim> 
ncsim> source /home/installs/INCISIVE152/tools/inca/files/ncsimrc
ncsim> database -open waves -into waves.shm -default
Created default SHM database waves
ncsim> probe -create -shm HA_tb.a HA_tb.b HA_tb.c
Created probe 1
ncsim> run
ncsim: *W,RNQUIE: Simulation is complete.
ncsim> ^C
ncsim> exit
...Regained control from SimVision
-------------------------------------
TOOL:	irun(64)	15.20-s086: Exiting on Nov 08, 2022 at 16:04:18 IST  (total: 00:01:30)
